2017/02/14 21:29:25 healthy - liveness
2017/02/14 21:29:25 healthy - liveness
2017/02/14 21:29:25 healthy - readiness
2017/02/14 21:29:35 healthy - readiness
2017/02/14 21:29:35 healthy - liveness
2017/02/14 21:29:45 healthy - liveness
2017/02/14 21:29:45 healthy - readiness
2017/02/14 21:29:55 healthy - liveness
2017/02/14 21:29:55 healthy - readiness
2017/02/14 21:30:05 healthy - readiness
2017/02/14 21:30:05 healthy - liveness
2017/02/14 21:30:06 request
2017/02/14 21:30:06 request
2017/02/14 21:30:06 request
2017/02/14 21:30:06 request
2017/02/14 21:30:06 request
2017/02/14 21:30:06 request
2017/02/14 21:30:06 request
2017/02/14 21:30:06 request
2017/02/14 21:30:06 request
2017/02/14 21:30:06 request
2017/02/14 21:30:06 request
2017/02/14 21:30:06 request
2017/02/14 21:30:06 request
2017/02/14 21:30:06 request
2017/02/14 21:30:06 request
2017/02/14 21:30:06 request
2017/02/14 21:30:06 request
2017/02/14 21:30:06 request
2017/02/14 21:30:06 request
2017/02/14 21:30:06 request
2017/02/14 21:30:06 request
2017/02/14 21:30:06 request
2017/02/14 21:30:06 request
2017/02/14 21:30:06 request
2017/02/14 21:30:06 request
2017/02/14 21:30:06 request
2017/02/14 21:30:06 request
2017/02/14 21:30:06 request
2017/02/14 21:30:06 request
2017/02/14 21:30:06 request
2017/02/14 21:30:06 request
2017/02/14 21:30:06 request
2017/02/14 21:30:06 request
2017/02/14 21:30:06 request
2017/02/14 21:30:06 request
2017/02/14 21:30:06 request
2017/02/14 21:30:06 request
2017/02/14 21:30:06 request
2017/02/14 21:30:06 request
2017/02/14 21:30:06 request
2017/02/14 21:30:06 request
2017/02/14 21:30:06 request
2017/02/14 21:30:06 request
2017/02/14 21:30:06 request
2017/02/14 21:30:06 request
2017/02/14 21:30:06 request
2017/02/14 21:30:06 request
2017/02/14 21:30:06 request
2017/02/14 21:30:06 request
2017/02/14 21:30:06 request
2017/02/14 21:30:06 request
2017/02/14 21:30:06 request
2017/02/14 21:30:06 request
2017/02/14 21:30:06 request
2017/02/14 21:30:06 request
2017/02/14 21:30:06 request
2017/02/14 21:30:06 request
2017/02/14 21:30:06 request
2017/02/14 21:30:06 request
2017/02/14 21:30:06 request
2017/02/14 21:30:06 request
2017/02/14 21:30:06 request
2017/02/14 21:30:06 request
2017/02/14 21:30:06 request
2017/02/14 21:30:06 request
2017/02/14 21:30:06 request
2017/02/14 21:30:06 request
2017/02/14 21:30:06 request
2017/02/14 21:30:06 request
2017/02/14 21:30:06 request
2017/02/14 21:30:06 request
2017/02/14 21:30:06 request
2017/02/14 21:30:06 request
2017/02/14 21:30:06 request
2017/02/14 21:30:06 request
2017/02/14 21:30:06 request
2017/02/14 21:30:06 request
2017/02/14 21:30:06 request
2017/02/14 21:30:06 request
2017/02/14 21:30:06 request
2017/02/14 21:30:06 request
2017/02/14 21:30:06 request
2017/02/14 21:30:06 request
2017/02/14 21:30:06 request
2017/02/14 21:30:06 request
2017/02/14 21:30:06 request
2017/02/14 21:30:06 request
2017/02/14 21:30:06 request
2017/02/14 21:30:06 request
2017/02/14 21:30:06 request
2017/02/14 21:30:06 request
2017/02/14 21:30:06 request
2017/02/14 21:30:06 request
2017/02/14 21:30:06 request
2017/02/14 21:30:06 request
2017/02/14 21:30:06 request
2017/02/14 21:30:06 request
2017/02/14 21:30:06 request
2017/02/14 21:30:06 request
2017/02/14 21:30:06 request
2017/02/14 21:30:06 request
2017/02/14 21:30:06 request
2017/02/14 21:30:06 request
2017/02/14 21:30:06 request
2017/02/14 21:30:06 request
2017/02/14 21:30:06 request
2017/02/14 21:30:07 request
2017/02/14 21:30:07 request
2017/02/14 21:30:07 request
2017/02/14 21:30:07 request
2017/02/14 21:30:07 request
2017/02/14 21:30:07 request
2017/02/14 21:30:07 request
2017/02/14 21:30:07 request
2017/02/14 21:30:07 request
2017/02/14 21:30:07 request
2017/02/14 21:30:07 request
2017/02/14 21:30:07 request
2017/02/14 21:30:07 request
2017/02/14 21:30:07 request
2017/02/14 21:30:07 request
2017/02/14 21:30:07 request
2017/02/14 21:30:07 request
2017/02/14 21:30:07 request
2017/02/14 21:30:07 request
2017/02/14 21:30:07 request
2017/02/14 21:30:07 request
2017/02/14 21:30:07 request
2017/02/14 21:30:07 request
2017/02/14 21:30:07 request
2017/02/14 21:30:07 request
2017/02/14 21:30:07 request
2017/02/14 21:30:07 request
2017/02/14 21:30:07 request
2017/02/14 21:30:07 request
2017/02/14 21:30:07 request
2017/02/14 21:30:07 request
2017/02/14 21:30:07 request
2017/02/14 21:30:07 request
2017/02/14 21:30:07 request
2017/02/14 21:30:07 request
2017/02/14 21:30:07 request
2017/02/14 21:30:07 request
2017/02/14 21:30:07 request
2017/02/14 21:30:07 request
2017/02/14 21:30:07 request
2017/02/14 21:30:07 request
2017/02/14 21:30:07 request
2017/02/14 21:30:07 request
2017/02/14 21:30:07 request
2017/02/14 21:30:07 request
2017/02/14 21:30:07 request
2017/02/14 21:30:07 request
2017/02/14 21:30:07 request
2017/02/14 21:30:07 request
2017/02/14 21:30:07 request
2017/02/14 21:30:07 request
2017/02/14 21:30:07 request
2017/02/14 21:30:07 request
2017/02/14 21:30:07 request
2017/02/14 21:30:07 request
2017/02/14 21:30:07 request
2017/02/14 21:30:07 request
2017/02/14 21:30:07 request
2017/02/14 21:30:07 request
2017/02/14 21:30:07 request
2017/02/14 21:30:07 request
2017/02/14 21:30:07 request
2017/02/14 21:30:07 request
2017/02/14 21:30:07 request
2017/02/14 21:30:07 request
2017/02/14 21:30:07 request
2017/02/14 21:30:07 request
2017/02/14 21:30:07 request
2017/02/14 21:30:07 request
2017/02/14 21:30:07 request
2017/02/14 21:30:07 request
2017/02/14 21:30:07 request
2017/02/14 21:30:07 request
2017/02/14 21:30:07 request
2017/02/14 21:30:07 request
2017/02/14 21:30:07 request
2017/02/14 21:30:07 request
2017/02/14 21:30:07 request
2017/02/14 21:30:07 request
2017/02/14 21:30:07 request
2017/02/14 21:30:07 request
2017/02/14 21:30:07 request
2017/02/14 21:30:07 request
2017/02/14 21:30:07 request
2017/02/14 21:30:07 request
2017/02/14 21:30:07 request
2017/02/14 21:30:07 request
2017/02/14 21:30:07 request
2017/02/14 21:30:07 request
2017/02/14 21:30:07 request
2017/02/14 21:30:07 request
2017/02/14 21:30:07 request
2017/02/14 21:30:07 request
2017/02/14 21:30:07 request
2017/02/14 21:30:07 request
2017/02/14 21:30:07 request
2017/02/14 21:30:07 request
2017/02/14 21:30:07 request
2017/02/14 21:30:07 request
2017/02/14 21:30:07 request
2017/02/14 21:30:07 request
2017/02/14 21:30:07 request
2017/02/14 21:30:07 request
2017/02/14 21:30:07 request
2017/02/14 21:30:07 request
2017/02/14 21:30:07 request
2017/02/14 21:30:07 request
2017/02/14 21:30:07 request
2017/02/14 21:30:07 request
2017/02/14 21:30:07 request
2017/02/14 21:30:07 request
2017/02/14 21:30:07 request
2017/02/14 21:30:07 request
2017/02/14 21:30:07 request
2017/02/14 21:30:07 request
2017/02/14 21:30:07 request
2017/02/14 21:30:07 request
2017/02/14 21:30:07 request
2017/02/14 21:30:07 request
2017/02/14 21:30:07 request
2017/02/14 21:30:07 request
2017/02/14 21:30:07 request
2017/02/14 21:30:07 request
2017/02/14 21:30:07 request
2017/02/14 21:30:07 request
2017/02/14 21:30:07 request
2017/02/14 21:30:07 request
2017/02/14 21:30:07 request
2017/02/14 21:30:07 request
2017/02/14 21:30:07 request
2017/02/14 21:30:07 request
2017/02/14 21:30:07 request
2017/02/14 21:30:07 request
2017/02/14 21:30:07 request
2017/02/14 21:30:07 request
2017/02/14 21:30:07 request
2017/02/14 21:30:07 request
2017/02/14 21:30:07 request
2017/02/14 21:30:07 request
2017/02/14 21:30:07 request
2017/02/14 21:30:07 request
2017/02/14 21:30:07 request
2017/02/14 21:30:07 request
2017/02/14 21:30:07 request
2017/02/14 21:30:07 request
2017/02/14 21:30:07 request
2017/02/14 21:30:07 request
2017/02/14 21:30:07 request
2017/02/14 21:30:08 request
2017/02/14 21:30:08 request
2017/02/14 21:30:08 request
2017/02/14 21:30:08 request
2017/02/14 21:30:08 request
2017/02/14 21:30:08 request
2017/02/14 21:30:08 request
2017/02/14 21:30:08 request
2017/02/14 21:30:08 request
2017/02/14 21:30:08 request
2017/02/14 21:30:08 request
2017/02/14 21:30:08 request
2017/02/14 21:30:08 request
2017/02/14 21:30:08 request
2017/02/14 21:30:08 request
2017/02/14 21:30:08 request
2017/02/14 21:30:08 request
2017/02/14 21:30:08 request
2017/02/14 21:30:08 request
2017/02/14 21:30:08 request
2017/02/14 21:30:08 request
2017/02/14 21:30:08 request
2017/02/14 21:30:08 request
2017/02/14 21:30:08 request
2017/02/14 21:30:08 request
2017/02/14 21:30:08 request
2017/02/14 21:30:08 request
2017/02/14 21:30:08 request
2017/02/14 21:30:08 request
2017/02/14 21:30:08 request
2017/02/14 21:30:08 request
2017/02/14 21:30:08 request
2017/02/14 21:30:08 request
2017/02/14 21:30:08 request
2017/02/14 21:30:08 request
2017/02/14 21:30:08 request
2017/02/14 21:30:08 request
2017/02/14 21:30:08 request
2017/02/14 21:30:08 request
2017/02/14 21:30:08 request
2017/02/14 21:30:08 request
2017/02/14 21:30:08 request
2017/02/14 21:30:08 request
2017/02/14 21:30:08 request
2017/02/14 21:30:08 request
2017/02/14 21:30:08 request
2017/02/14 21:30:08 request
2017/02/14 21:30:08 request
2017/02/14 21:30:08 request
2017/02/14 21:30:08 request
2017/02/14 21:30:08 request
2017/02/14 21:30:08 request
2017/02/14 21:30:08 request
2017/02/14 21:30:08 request
2017/02/14 21:30:08 request
2017/02/14 21:30:08 request
2017/02/14 21:30:08 request
2017/02/14 21:30:08 request
2017/02/14 21:30:08 request
2017/02/14 21:30:08 request
2017/02/14 21:30:08 request
2017/02/14 21:30:08 request
2017/02/14 21:30:08 request
2017/02/14 21:30:08 request
2017/02/14 21:30:08 request
2017/02/14 21:30:08 request
2017/02/14 21:30:08 request
2017/02/14 21:30:08 request
2017/02/14 21:30:08 request
2017/02/14 21:30:08 request
2017/02/14 21:30:08 request
2017/02/14 21:30:08 request
2017/02/14 21:30:08 request
2017/02/14 21:30:08 request
2017/02/14 21:30:08 request
2017/02/14 21:30:08 request
2017/02/14 21:30:08 request
2017/02/14 21:30:08 request
2017/02/14 21:30:08 request
2017/02/14 21:30:08 request
2017/02/14 21:30:08 request
2017/02/14 21:30:08 request
2017/02/14 21:30:08 request
2017/02/14 21:30:08 request
2017/02/14 21:30:08 request
2017/02/14 21:30:08 request
2017/02/14 21:30:08 request
2017/02/14 21:30:08 request
2017/02/14 21:30:08 request
2017/02/14 21:30:08 request
2017/02/14 21:30:08 request
2017/02/14 21:30:08 request
2017/02/14 21:30:08 request
2017/02/14 21:30:08 request
2017/02/14 21:30:08 request
2017/02/14 21:30:08 request
2017/02/14 21:30:08 request
2017/02/14 21:30:08 request
2017/02/14 21:30:08 request
2017/02/14 21:30:08 request
2017/02/14 21:30:08 request
2017/02/14 21:30:08 request
2017/02/14 21:30:08 request
2017/02/14 21:30:08 request
2017/02/14 21:30:08 request
2017/02/14 21:30:08 request
2017/02/14 21:30:08 request
2017/02/14 21:30:08 request
2017/02/14 21:30:08 request
2017/02/14 21:30:08 request
2017/02/14 21:30:08 request
2017/02/14 21:30:08 request
2017/02/14 21:30:08 request
2017/02/14 21:30:09 request
2017/02/14 21:30:09 request
2017/02/14 21:30:09 request
2017/02/14 21:30:09 request
2017/02/14 21:30:09 request
2017/02/14 21:30:09 request
2017/02/14 21:30:09 request
2017/02/14 21:30:09 request
2017/02/14 21:30:09 request
2017/02/14 21:30:09 request
2017/02/14 21:30:09 request
2017/02/14 21:30:09 request
2017/02/14 21:30:09 request
2017/02/14 21:30:09 request
2017/02/14 21:30:09 request
2017/02/14 21:30:09 request
2017/02/14 21:30:09 request
2017/02/14 21:30:09 request
2017/02/14 21:30:09 request
2017/02/14 21:30:09 request
2017/02/14 21:30:09 request
2017/02/14 21:30:09 request
2017/02/14 21:30:09 request
2017/02/14 21:30:09 request
2017/02/14 21:30:09 request
2017/02/14 21:30:09 request
2017/02/14 21:30:09 request
2017/02/14 21:30:09 request
2017/02/14 21:30:09 request
2017/02/14 21:30:09 request
2017/02/14 21:30:09 request
2017/02/14 21:30:09 request
2017/02/14 21:30:09 request
2017/02/14 21:30:09 request
2017/02/14 21:30:09 request
2017/02/14 21:30:09 request
2017/02/14 21:30:09 request
2017/02/14 21:30:09 request
2017/02/14 21:30:09 request
2017/02/14 21:30:09 request
2017/02/14 21:30:09 request
2017/02/14 21:30:09 request
2017/02/14 21:30:09 request
2017/02/14 21:30:09 request
2017/02/14 21:30:09 request
2017/02/14 21:30:09 request
2017/02/14 21:30:09 request
2017/02/14 21:30:09 request
2017/02/14 21:30:09 request
2017/02/14 21:30:09 request
2017/02/14 21:30:09 request
2017/02/14 21:30:09 request
2017/02/14 21:30:09 request
2017/02/14 21:30:09 request
2017/02/14 21:30:09 request
2017/02/14 21:30:09 request
2017/02/14 21:30:09 request
2017/02/14 21:30:09 request
2017/02/14 21:30:09 request
2017/02/14 21:30:09 request
2017/02/14 21:30:09 request
2017/02/14 21:30:09 request
2017/02/14 21:30:09 request
2017/02/14 21:30:09 request
2017/02/14 21:30:09 request
2017/02/14 21:30:09 request
2017/02/14 21:30:10 request
2017/02/14 21:30:10 request
2017/02/14 21:30:10 request
2017/02/14 21:30:10 request
2017/02/14 21:30:10 request
2017/02/14 21:30:10 request
2017/02/14 21:30:10 request
2017/02/14 21:30:10 request
2017/02/14 21:30:10 request
2017/02/14 21:30:10 request
2017/02/14 21:30:10 request
2017/02/14 21:30:10 request
2017/02/14 21:30:10 request
2017/02/14 21:30:10 request
2017/02/14 21:30:10 request
2017/02/14 21:30:10 request
2017/02/14 21:30:10 request
2017/02/14 21:30:10 request
2017/02/14 21:30:10 request
2017/02/14 21:30:10 request
2017/02/14 21:30:10 request
2017/02/14 21:30:10 request
2017/02/14 21:30:10 request
2017/02/14 21:30:10 request
2017/02/14 21:30:10 request
2017/02/14 21:30:10 request
2017/02/14 21:30:10 request
2017/02/14 21:30:10 request
2017/02/14 21:30:10 request
2017/02/14 21:30:10 request
2017/02/14 21:30:10 request
2017/02/14 21:30:10 request
2017/02/14 21:30:10 request
2017/02/14 21:30:10 request
2017/02/14 21:30:10 request
2017/02/14 21:30:10 request
2017/02/14 21:30:10 request
2017/02/14 21:30:10 request
2017/02/14 21:30:10 request
2017/02/14 21:30:10 request
2017/02/14 21:30:10 request
2017/02/14 21:30:10 request
2017/02/14 21:30:10 request
2017/02/14 21:30:10 request
2017/02/14 21:30:10 request
2017/02/14 21:30:10 request
2017/02/14 21:30:10 request
2017/02/14 21:30:10 request
2017/02/14 21:30:10 request
2017/02/14 21:30:10 request
2017/02/14 21:30:10 request
2017/02/14 21:30:10 request
2017/02/14 21:30:10 request
2017/02/14 21:30:10 request
2017/02/14 21:30:10 request
2017/02/14 21:30:10 request
2017/02/14 21:30:10 request
2017/02/14 21:30:10 request
2017/02/14 21:30:10 request
2017/02/14 21:30:10 request
2017/02/14 21:30:10 request
2017/02/14 21:30:10 request
2017/02/14 21:30:10 request
2017/02/14 21:30:10 request
2017/02/14 21:30:10 request
2017/02/14 21:30:10 request
2017/02/14 21:30:10 request
2017/02/14 21:30:10 request
2017/02/14 21:30:10 request
2017/02/14 21:30:10 request
2017/02/14 21:30:10 request
2017/02/14 21:30:10 request
2017/02/14 21:30:10 request
2017/02/14 21:30:10 request
2017/02/14 21:30:10 request
2017/02/14 21:30:10 request
2017/02/14 21:30:10 request
2017/02/14 21:30:10 request
2017/02/14 21:30:10 request
2017/02/14 21:30:10 request
2017/02/14 21:30:10 request
2017/02/14 21:30:10 request
2017/02/14 21:30:10 request
2017/02/14 21:30:10 request
2017/02/14 21:30:10 request
2017/02/14 21:30:10 request
2017/02/14 21:30:10 request
2017/02/14 21:30:10 request
2017/02/14 21:30:10 request
2017/02/14 21:30:10 request
2017/02/14 21:30:10 request
2017/02/14 21:30:10 request
2017/02/14 21:30:10 request
2017/02/14 21:30:10 request
2017/02/14 21:30:10 request
2017/02/14 21:30:10 request
2017/02/14 21:30:10 request
2017/02/14 21:30:10 request
2017/02/14 21:30:11 request
2017/02/14 21:30:11 request
2017/02/14 21:30:11 request
2017/02/14 21:30:11 request
2017/02/14 21:30:11 request
2017/02/14 21:30:11 request
2017/02/14 21:30:11 request
2017/02/14 21:30:11 request
2017/02/14 21:30:11 request
2017/02/14 21:30:11 request
2017/02/14 21:30:11 request
2017/02/14 21:30:11 request
2017/02/14 21:30:11 request
2017/02/14 21:30:11 request
2017/02/14 21:30:11 request
2017/02/14 21:30:11 request
2017/02/14 21:30:11 request
2017/02/14 21:30:11 request
2017/02/14 21:30:11 request
2017/02/14 21:30:11 request
2017/02/14 21:30:11 request
2017/02/14 21:30:11 request
2017/02/14 21:30:11 request
2017/02/14 21:30:11 request
2017/02/14 21:30:11 request
2017/02/14 21:30:11 request
2017/02/14 21:30:11 request
2017/02/14 21:30:11 request
2017/02/14 21:30:11 request
2017/02/14 21:30:11 request
2017/02/14 21:30:11 request
2017/02/14 21:30:11 request
2017/02/14 21:30:11 request
2017/02/14 21:30:11 request
2017/02/14 21:30:11 request
2017/02/14 21:30:11 request
2017/02/14 21:30:11 request
2017/02/14 21:30:11 request
2017/02/14 21:30:11 request
2017/02/14 21:30:11 request
2017/02/14 21:30:11 request
2017/02/14 21:30:11 request
2017/02/14 21:30:11 request
2017/02/14 21:30:11 request
2017/02/14 21:30:11 request
2017/02/14 21:30:11 request
2017/02/14 21:30:11 request
2017/02/14 21:30:11 request
2017/02/14 21:30:11 request
2017/02/14 21:30:11 request
2017/02/14 21:30:11 request
2017/02/14 21:30:11 request
2017/02/14 21:30:11 request
2017/02/14 21:30:11 request
2017/02/14 21:30:11 request
2017/02/14 21:30:11 request
2017/02/14 21:30:11 request
2017/02/14 21:30:11 request
2017/02/14 21:30:11 request
2017/02/14 21:30:11 request
2017/02/14 21:30:11 request
2017/02/14 21:30:11 request
2017/02/14 21:30:11 request
2017/02/14 21:30:11 request
2017/02/14 21:30:11 request
2017/02/14 21:30:11 request
2017/02/14 21:30:11 request
2017/02/14 21:30:11 request
2017/02/14 21:30:11 request
2017/02/14 21:30:11 request
2017/02/14 21:30:11 request
2017/02/14 21:30:11 request
2017/02/14 21:30:11 request
2017/02/14 21:30:11 request
2017/02/14 21:30:11 request
2017/02/14 21:30:11 request
2017/02/14 21:30:11 request
2017/02/14 21:30:11 request
2017/02/14 21:30:11 request
2017/02/14 21:30:11 request
2017/02/14 21:30:11 request
2017/02/14 21:30:11 request
2017/02/14 21:30:11 request
2017/02/14 21:30:11 request
2017/02/14 21:30:11 request
2017/02/14 21:30:11 request
2017/02/14 21:30:11 request
2017/02/14 21:30:11 request
2017/02/14 21:30:11 request
2017/02/14 21:30:11 request
2017/02/14 21:30:11 request
2017/02/14 21:30:11 request
2017/02/14 21:30:11 request
2017/02/14 21:30:11 request
2017/02/14 21:30:11 request
2017/02/14 21:30:11 request
2017/02/14 21:30:11 request
2017/02/14 21:30:11 request
2017/02/14 21:30:11 request
2017/02/14 21:30:11 request
2017/02/14 21:30:11 request
2017/02/14 21:30:11 request
2017/02/14 21:30:11 request
2017/02/14 21:30:11 request
2017/02/14 21:30:11 request
2017/02/14 21:30:11 request
2017/02/14 21:30:11 request
2017/02/14 21:30:11 request
2017/02/14 21:30:11 request
2017/02/14 21:30:11 request
2017/02/14 21:30:11 request
2017/02/14 21:30:11 request
2017/02/14 21:30:11 request
2017/02/14 21:30:11 request
2017/02/14 21:30:11 request
2017/02/14 21:30:11 request
2017/02/14 21:30:11 request
2017/02/14 21:30:11 request
2017/02/14 21:30:11 request
2017/02/14 21:30:11 request
2017/02/14 21:30:11 request
2017/02/14 21:30:11 request
2017/02/14 21:30:11 request
2017/02/14 21:30:12 request
2017/02/14 21:30:12 request
2017/02/14 21:30:12 request
2017/02/14 21:30:12 request
2017/02/14 21:30:12 request
2017/02/14 21:30:12 request
2017/02/14 21:30:12 request
2017/02/14 21:30:12 request
2017/02/14 21:30:12 request
2017/02/14 21:30:12 request
2017/02/14 21:30:12 request
2017/02/14 21:30:12 request
2017/02/14 21:30:12 request
2017/02/14 21:30:12 request
2017/02/14 21:30:12 request
2017/02/14 21:30:12 request
2017/02/14 21:30:12 request
2017/02/14 21:30:12 request
2017/02/14 21:30:12 request
2017/02/14 21:30:12 request
2017/02/14 21:30:12 request
2017/02/14 21:30:12 request
2017/02/14 21:30:12 request
2017/02/14 21:30:12 request
2017/02/14 21:30:12 request
2017/02/14 21:30:12 request
2017/02/14 21:30:12 request
2017/02/14 21:30:12 request
2017/02/14 21:30:12 request
2017/02/14 21:30:12 request
2017/02/14 21:30:12 request
2017/02/14 21:30:12 request
2017/02/14 21:30:12 request
2017/02/14 21:30:12 request
2017/02/14 21:30:12 request
2017/02/14 21:30:12 request
2017/02/14 21:30:12 request
2017/02/14 21:30:12 request
2017/02/14 21:30:12 request
2017/02/14 21:30:12 request
2017/02/14 21:30:12 request
2017/02/14 21:30:12 request
2017/02/14 21:30:12 request
2017/02/14 21:30:12 request
2017/02/14 21:30:12 request
2017/02/14 21:30:12 request
2017/02/14 21:30:12 request
2017/02/14 21:30:12 request
2017/02/14 21:30:12 request
2017/02/14 21:30:12 request
2017/02/14 21:30:12 request
2017/02/14 21:30:12 request
2017/02/14 21:30:12 request
2017/02/14 21:30:12 request
2017/02/14 21:30:12 request
2017/02/14 21:30:12 request
2017/02/14 21:30:12 request
2017/02/14 21:30:12 request
2017/02/14 21:30:12 request
2017/02/14 21:30:12 request
2017/02/14 21:30:12 request
2017/02/14 21:30:12 request
2017/02/14 21:30:12 request
2017/02/14 21:30:12 request
2017/02/14 21:30:12 request
2017/02/14 21:30:12 request
2017/02/14 21:30:12 request
2017/02/14 21:30:12 request
2017/02/14 21:30:12 request
2017/02/14 21:30:12 request
2017/02/14 21:30:12 request
2017/02/14 21:30:12 request
2017/02/14 21:30:12 request
2017/02/14 21:30:12 request
2017/02/14 21:30:12 request
2017/02/14 21:30:12 request
2017/02/14 21:30:12 request
2017/02/14 21:30:12 request
2017/02/14 21:30:12 request
2017/02/14 21:30:12 request
2017/02/14 21:30:12 request
2017/02/14 21:30:12 request
2017/02/14 21:30:12 request
2017/02/14 21:30:12 request
2017/02/14 21:30:12 request
2017/02/14 21:30:12 request
2017/02/14 21:30:12 request
2017/02/14 21:30:12 request
2017/02/14 21:30:12 request
2017/02/14 21:30:12 request
2017/02/14 21:30:12 request
2017/02/14 21:30:12 request
2017/02/14 21:30:13 request
2017/02/14 21:30:13 request
2017/02/14 21:30:13 request
2017/02/14 21:30:13 request
2017/02/14 21:30:13 request
2017/02/14 21:30:13 request
2017/02/14 21:30:13 request
2017/02/14 21:30:13 request
2017/02/14 21:30:13 request
2017/02/14 21:30:13 request
2017/02/14 21:30:13 request
2017/02/14 21:30:13 request
2017/02/14 21:30:13 request
2017/02/14 21:30:13 request
2017/02/14 21:30:13 request
2017/02/14 21:30:13 request
2017/02/14 21:30:13 request
2017/02/14 21:30:13 request
2017/02/14 21:30:13 request
2017/02/14 21:30:13 request
2017/02/14 21:30:13 request
2017/02/14 21:30:13 request
2017/02/14 21:30:13 request
2017/02/14 21:30:13 request
2017/02/14 21:30:13 request
2017/02/14 21:30:13 request
2017/02/14 21:30:13 request
2017/02/14 21:30:13 request
2017/02/14 21:30:13 request
2017/02/14 21:30:13 request
2017/02/14 21:30:13 request
2017/02/14 21:30:13 request
2017/02/14 21:30:13 request
2017/02/14 21:30:13 request
2017/02/14 21:30:13 request
2017/02/14 21:30:13 request
2017/02/14 21:30:13 request
2017/02/14 21:30:13 request
2017/02/14 21:30:13 request
2017/02/14 21:30:13 request
2017/02/14 21:30:13 request
2017/02/14 21:30:13 request
2017/02/14 21:30:13 request
2017/02/14 21:30:13 request
2017/02/14 21:30:13 request
2017/02/14 21:30:13 request
2017/02/14 21:30:13 request
2017/02/14 21:30:13 request
2017/02/14 21:30:13 request
2017/02/14 21:30:13 request
2017/02/14 21:30:13 request
2017/02/14 21:30:13 request
2017/02/14 21:30:13 request
2017/02/14 21:30:13 request
2017/02/14 21:30:13 request
2017/02/14 21:30:13 request
2017/02/14 21:30:13 request
2017/02/14 21:30:13 request
2017/02/14 21:30:13 request
2017/02/14 21:30:13 request
2017/02/14 21:30:13 request
2017/02/14 21:30:13 request
2017/02/14 21:30:13 request
2017/02/14 21:30:13 request
2017/02/14 21:30:13 request
2017/02/14 21:30:13 request
2017/02/14 21:30:13 request
2017/02/14 21:30:13 request
2017/02/14 21:30:13 request
2017/02/14 21:30:13 request
2017/02/14 21:30:13 request
2017/02/14 21:30:13 request
2017/02/14 21:30:13 request
2017/02/14 21:30:13 request
2017/02/14 21:30:13 request
2017/02/14 21:30:13 request
2017/02/14 21:30:13 request
2017/02/14 21:30:13 request
2017/02/14 21:30:13 request
2017/02/14 21:30:13 request
2017/02/14 21:30:13 request
2017/02/14 21:30:13 request
2017/02/14 21:30:13 request
2017/02/14 21:30:13 request
2017/02/14 21:30:13 request
2017/02/14 21:30:13 request
2017/02/14 21:30:13 request
2017/02/14 21:30:13 request
2017/02/14 21:30:13 request
2017/02/14 21:30:13 request
2017/02/14 21:30:14 request
2017/02/14 21:30:14 request
2017/02/14 21:30:14 request
2017/02/14 21:30:14 request
2017/02/14 21:30:14 got SIGTERM, prepare to shut down in 20s
2017/02/14 21:30:14 SetKeepAlivesEnabled=false
2017/02/14 21:30:14 request, after sigterm
2017/02/14 21:30:14 request, after sigterm
2017/02/14 21:30:14 request, after sigterm
2017/02/14 21:30:14 request, after sigterm
2017/02/14 21:30:14 request, after sigterm
2017/02/14 21:30:14 request, after sigterm
2017/02/14 21:30:14 request, after sigterm
2017/02/14 21:30:14 request, after sigterm
2017/02/14 21:30:14 request, after sigterm
2017/02/14 21:30:14 request, after sigterm
2017/02/14 21:30:15 not healthy - readiness
2017/02/14 21:30:15 not healthy - liveness
2017/02/14 21:30:25 not healthy - liveness
2017/02/14 21:30:25 not healthy - readiness
2017/02/14 21:30:34 exiting
